Build started 9/16/2015 1:45:35 PM.
     1>Project "E:\STest\SteerLite\simpleAI - Copy\build\win32\curveAI.vcxproj" on node 2 (Build target(s)).
     1>ClCompile:
         E:\Microsoft Visual Studio 2013 Ultimate\VC\bin\CL.exe /c /I..\..\include /I..\..\..\steerlib\include /I..\..\..\util\include /I..\..\..\external /ZI /nologo /W3 /WX- /MP /Od /Oy- /D ENABLE_GUI /D _WINDLL /D _MBCS /Gm- /EHsc /RTC1 /MDd /GS /fp:precise /Zc:wchar_t /Zc:forScope /GR /Fo"Debug\\" /Fd"Debug\vc120.pdb" /Gd /TP /analyze- /errorReport:prompt ..\..\src\CurveAgent.cpp ..\..\src\CurveAIModule.cpp
         CurveAgent.cpp
         CurveAIModule.cpp
     1>e:\stest\steerlite\util\include\utilglobals.h(17): warning C4005: 'UTIL_API' : macro redefinition (..\..\src\CurveAgent.cpp)
                 e:\stest\steerlite\steerlib\include\globals.h(22) : see previous definition of 'UTIL_API'
     1>e:\stest\steerlite\util\include\utilglobals.h(17): warning C4005: 'UTIL_API' : macro redefinition (..\..\src\CurveAIModule.cpp)
                 e:\stest\steerlite\steerlib\include\globals.h(22) : see previous definition of 'UTIL_API'
     1>e:\stest\steerlite\util\include\logobject.h(43): warning C4244: '=' : conversion from '__int64' to 'int', possible loss of data (..\..\src\CurveAIModule.cpp)
                 e:\stest\steerlite\simpleai - copy\src\curveaimodule.cpp(154) : see reference to function template instantiation 'void LogObject::addLogData<__int64>(T)' being compiled
                 with
                 [
                     T=__int64
                 ]
     1>e:\stest\steerlite\util\include\logobject.h(51): warning C4244: '=' : conversion from '__int64' to 'float', possible loss of data (..\..\src\CurveAIModule.cpp)
     1>e:\stest\steerlite\util\include\logobject.h(61): warning C4244: 'argument' : conversion from '__int64' to 'char', possible loss of data (..\..\src\CurveAIModule.cpp)
     1>e:\stest\steerlite\util\include\logobject.h(43): warning C4244: '=' : conversion from 'float' to 'int', possible loss of data (..\..\src\CurveAIModule.cpp)
                 e:\stest\steerlite\simpleai - copy\src\curveaimodule.cpp(158) : see reference to function template instantiation 'void LogObject::addLogData<float>(T)' being compiled
                 with
                 [
                     T=float
                 ]
     1>e:\stest\steerlite\util\include\logobject.h(56): warning C4244: '=' : conversion from 'float' to '__int64', possible loss of data (..\..\src\CurveAIModule.cpp)
     1>e:\stest\steerlite\util\include\logobject.h(61): warning C4244: 'argument' : conversion from 'float' to 'char', possible loss of data (..\..\src\CurveAIModule.cpp)
       Link:
         E:\Microsoft Visual Studio 2013 Ultimate\VC\bin\link.exe /ERRORREPORT:PROMPT /OUT:"E:\STest\SteerLite\simpleAI - Copy\build\win32\Debug\curveAI.dll" /NOLOGO /LIBPATH:"E:\STest\SteerLite\simpleAI - Copy\build\win32\\Debug\\" util.lib steerlib.lib kernel32.lib user32.lib gdi32.lib winspool.lib comdlg32.lib advapi32.lib shell32.lib ole32.lib oleaut32.lib uuid.lib odbc32.lib odbccp32.lib /MANIFEST /MANIFESTUAC:"level='asInvoker' uiAccess='false'" /manifest:embed /DEBUG /PDB:"E:\STest\SteerLite\simpleAI - Copy\build\win32\Debug\curveAI.pdb" /TLBID:1 /DYNAMICBASE /NXCOMPAT /IMPLIB:"E:\STest\SteerLite\simpleAI - Copy\build\win32\Debug\curveAI.lib" /MACHINE:X86 /SAFESEH /DLL Debug\CurveAgent.obj
         Debug\CurveAIModule.obj
     1>LINK : fatal error LNK1104: cannot open file 'util.lib'
     1>Done Building Project "E:\STest\SteerLite\simpleAI - Copy\build\win32\curveAI.vcxproj" (Build target(s)) -- FAILED.

Build FAILED.

Time Elapsed 00:00:04.79
